[2024-12-26 15:23:39,988] 16  root - INFO - Initiate the data ingestion
[2024-12-26 15:23:43,561] 68  root - INFO - Performed train test split on the dataframe
[2024-12-26 15:23:43,562] 70  root - INFO - Exited split_data_as_train_test method of Data_Ingestion class
[2024-12-26 15:23:43,562] 75  root - INFO - Exporting train and test file path
[2024-12-26 15:23:43,648] 81  root - INFO - Exported train and test file path
[2024-12-26 15:23:43,649] 18  root - INFO - data Initiation completed
[2024-12-26 15:23:43,661] 21  root - INFO - Initiate data validation
[2024-12-26 15:23:43,733] 32  root - INFO - Required NumberOfColumns: 2
[2024-12-26 15:23:43,733] 33  root - INFO - Data Frame has Column: Index(['having_IP_Address', 'URL_Length', 'Shortining_Service',
       'having_At_Symbol', 'double_slash_redirecting', 'Prefix_Suffix',
       'having_Sub_Domain', 'SSLfinal_State', 'Domain_registeration_length',
       'Favicon', 'port', 'HTTPS_token', 'Request_URL', 'URL_of_Anchor',
       'Links_in_tags', 'SFH', 'Submitting_to_email', 'Abnormal_URL',
       'Redirect', 'on_mouseover', 'RightClick', 'popUpWidnow', 'Iframe',
       'age_of_domain', 'DNSRecord', 'web_traffic', 'Page_Rank',
       'Google_Index', 'Links_pointing_to_page', 'Statistical_report',
       'Result'],
      dtype='object')
[2024-12-26 15:23:43,755] 32  root - INFO - Required NumberOfColumns: 2
[2024-12-26 15:23:43,756] 33  root - INFO - Data Frame has Column: Index(['having_IP_Address', 'URL_Length', 'Shortining_Service',
       'having_At_Symbol', 'double_slash_redirecting', 'Prefix_Suffix',
       'having_Sub_Domain', 'SSLfinal_State', 'Domain_registeration_length',
       'Favicon', 'port', 'HTTPS_token', 'Request_URL', 'URL_of_Anchor',
       'Links_in_tags', 'SFH', 'Submitting_to_email', 'Abnormal_URL',
       'Redirect', 'on_mouseover', 'RightClick', 'popUpWidnow', 'Iframe',
       'age_of_domain', 'DNSRecord', 'web_traffic', 'Page_Rank',
       'Google_Index', 'Links_pointing_to_page', 'Statistical_report',
       'Result'],
      dtype='object')
