[2024-12-29 16:06:15,250] 1025  httpx - INFO - HTTP Request: GET https://dagshub.com/api/v1/user "HTTP/1.1 200 OK"
[2024-12-29 16:06:15,256] 107  dagshub - INFO - Accessing as mayankkhs
[2024-12-29 16:06:15,969] 1025  httpx - INFO - HTTP Request: GET https://dagshub.com/api/v1/repos/mayankkhs/networksecurity "HTTP/1.1 200 OK"
[2024-12-29 16:06:16,643] 1025  httpx - INFO - HTTP Request: GET https://dagshub.com/api/v1/user "HTTP/1.1 200 OK"
[2024-12-29 16:06:16,646] 107  dagshub - INFO - Initialized MLflow to track repo "mayankkhs/networksecurity"
[2024-12-29 16:06:16,647] 107  dagshub - INFO - Repository mayankkhs/networksecurity initialized!
[2024-12-29 16:06:27,434] 39  root - INFO - Start Data Ingestion
[2024-12-29 16:06:30,230] 68  root - INFO - Performed train test split on the dataframe
[2024-12-29 16:06:30,230] 70  root - INFO - Exited split_data_as_train_test method of Data_Ingestion class
[2024-12-29 16:06:30,231] 75  root - INFO - Exporting train and test file path
[2024-12-29 16:06:30,313] 81  root - INFO - Exported train and test file path
[2024-12-29 16:06:30,313] 42  root - INFO - Data Ingestion completed and artifact: DataIngestionArtifact(trained_file_path='Artifacts\\12_29_2024_16_06_09\\data_ingestion\\ingested\\train.csv', test_file_path='Artifacts\\12_29_2024_16_06_09\\data_ingestion\\ingested\\test.csv')
[2024-12-29 16:06:30,327] 50  root - INFO - Initiate data validation
[2024-12-29 16:06:30,408] 32  root - INFO - Required NumberOfColumns: 31
[2024-12-29 16:06:30,409] 33  root - INFO - Data Frame has Column: 31
[2024-12-29 16:06:30,409] 32  root - INFO - Required NumberOfColumns: 31
[2024-12-29 16:06:30,409] 33  root - INFO - Data Frame has Column: 31
[2024-12-29 16:06:30,608] 52  root - INFO - Data validation Completed
[2024-12-29 16:06:30,609] 61  root - INFO - Data transformation started
[2024-12-29 16:06:30,609] 51  root - INFO - Entered initiate_data_transformation
[2024-12-29 16:06:30,609] 53  root - INFO - Starting data transformation
[2024-12-29 16:06:30,640] 40  root - INFO - Entered get_data_transformer_object method of transformation class
[2024-12-29 16:06:30,640] 43  root - INFO - Initialise KNNImputer with {DATA_TRANSFFORMATION_IMPUTER_PARAMS}
[2024-12-29 16:06:30,656] 41  root - INFO - Entered the save object method of main utils class
[2024-12-29 16:06:30,661] 45  root - INFO - Exited the save_object method of main utils class
[2024-12-29 16:06:30,661] 41  root - INFO - Entered the save object method of main utils class
[2024-12-29 16:06:30,664] 45  root - INFO - Exited the save_object method of main utils class
[2024-12-29 16:06:30,665] 65  root - INFO - Data transformation completed successfully
[2024-12-29 16:06:30,665] 73  root - INFO - Model Training Started
[2024-12-29 16:07:34,051] 41  root - INFO - Entered the save object method of main utils class
[2024-12-29 16:07:34,052] 45  root - INFO - Exited the save_object method of main utils class
[2024-12-29 16:07:34,052] 41  root - INFO - Entered the save object method of main utils class
[2024-12-29 16:07:34,078] 45  root - INFO - Exited the save_object method of main utils class
[2024-12-29 16:07:34,078] 125  root - INFO - Model trainer artifact: {model_trainer_artifact}
[2024-12-29 16:07:34,082] 77  root - INFO - model_training artifact created
[2024-12-29 16:07:51,045] 88  root - INFO - s3 sync artifact completed successfully with Artifacts\12_29_2024_16_06_09
[2024-12-29 16:08:33,380] 97  root - INFO - s3 sync model saved completed successfully with final_model
